<?xml version="1.0" encoding="UTF-8"?>
<!-- Generated by org.testng.reporters.JUnitXMLReporter -->
<testsuite hostname="Gistain-PC" ignored="0" name="Test" tests="4" failures="0" timestamp="22 Jan 2019 21:09:10 GMT" time="0.078" errors="0">
  <testcase name="BrowserAutomation" time="0.012" classname="qaclickacademy.SeleniumTest"/>
  <testcase name="elementsUI" time="0.0" classname="qaclickacademy.SeleniumTest"/>
  <testcase name="deleteTwitter" time="0.001" classname="qaclickacademy.RESTAPITest"/>
  <testcase name="postJira" time="0.0" classname="qaclickacademy.RESTAPITest"/>
</testsuite> <!-- Test -->
