<?xml version="1.0" encoding="UTF-8"?>
<testng-results skipped="0" failed="0" ignored="0" total="4" passed="4">
  <reporter-output>
  </reporter-output>
  <suite name="Suite" duration-ms="78" started-at="2019-01-22T21:09:10Z" finished-at="2019-01-22T21:09:10Z">
    <groups>
    </groups>
    <test name="Test" duration-ms="78" started-at="2019-01-22T21:09:10Z" finished-at="2019-01-22T21:09:10Z">
      <class name="qaclickacademy.RESTAPITest">
        <test-method status="PASS" signature="deleteTwitter()[pri:0, instance:qaclickacademy.RESTAPITest@50f8360d]" name="deleteTwitter" duration-ms="1" started-at="2019-01-22T21:09:10Z" finished-at="2019-01-22T21:09:10Z">
          <reporter-output>
          </reporter-output>
        </test-method> <!-- deleteTwitter -->
        <test-method status="PASS" signature="postJira()[pri:0, instance:qaclickacademy.RESTAPITest@50f8360d]" name="postJira" duration-ms="0" started-at="2019-01-22T21:09:10Z" finished-at="2019-01-22T21:09:10Z">
          <reporter-output>
          </reporter-output>
        </test-method> <!-- postJira -->
      </class> <!-- qaclickacademy.RESTAPITest -->
      <class name="qaclickacademy.SeleniumTest">
        <test-method status="PASS" signature="BrowserAutomation()[pri:0, instance:qaclickacademy.SeleniumTest@61dc03ce]" name="BrowserAutomation" duration-ms="12" started-at="2019-01-22T21:09:10Z" finished-at="2019-01-22T21:09:10Z">
          <reporter-output>
          </reporter-output>
        </test-method> <!-- BrowserAutomation -->
        <test-method status="PASS" signature="elementsUI()[pri:0, instance:qaclickacademy.SeleniumTest@61dc03ce]" name="elementsUI" duration-ms="0" started-at="2019-01-22T21:09:10Z" finished-at="2019-01-22T21:09:10Z">
          <reporter-output>
          </reporter-output>
        </test-method> <!-- elementsUI -->
      </class> <!-- qaclickacademy.SeleniumTest -->
    </test> <!-- Test -->
  </suite> <!-- Suite -->
</testng-results>
